<?xml version="1.0" encoding="UTF-8"?>
<testng-results ignored="0" total="1" passed="1" failed="0" skipped="0">
  <reporter-output>
  </reporter-output>
  <suite started-at="2019-12-11T16:32:53Z" name="Default suite" finished-at="2019-12-11T16:33:07Z" duration-ms="13953">
    <groups>
    </groups>
    <test started-at="2019-12-11T16:32:53Z" name="Default test" finished-at="2019-12-11T16:33:07Z" duration-ms="13953">
      <class name="base.CommonAPi">
        <test-method is-config="true" signature="setUp()[pri:0, instance:base.CommonAPi@2925bf5b]" started-at="2019-12-11T16:32:53Z" name="setUp" finished-at="2019-12-11T16:33:05Z" duration-ms="11764" status="PASS">
          <reporter-output>
          </reporter-output>
        </test-method> <!-- setUp -->
        <test-method signature="search()[pri:0, instance:base.CommonAPi@2925bf5b]" started-at="2019-12-11T16:33:05Z" name="search" finished-at="2019-12-11T16:33:05Z" duration-ms="16" status="PASS">
          <reporter-output>
          </reporter-output>
        </test-method> <!-- search -->
        <test-method is-config="true" signature="tearDown()[pri:0, instance:base.CommonAPi@2925bf5b]" started-at="2019-12-11T16:33:05Z" name="tearDown" finished-at="2019-12-11T16:33:07Z" duration-ms="2094" status="PASS">
          <reporter-output>
          </reporter-output>
        </test-method> <!-- tearDown -->
      </class> <!-- base.CommonAPi -->
    </test> <!-- Default test -->
  </suite> <!-- Default suite -->
</testng-results>
